[debug] [2020-08-16T05:46:13.232Z] ----------------------------------------------------------------------
[debug] [2020-08-16T05:46:13.233Z] Command:       /usr/local/bin/node /Users/vaddv/.nvm/versions/node/v14.8.0/bin/firebase init
[debug] [2020-08-16T05:46:13.234Z] CLI Version:   8.7.0
[debug] [2020-08-16T05:46:13.234Z] Platform:      darwin
[debug] [2020-08-16T05:46:13.234Z] Node Version:  v12.16.3
[debug] [2020-08-16T05:46:13.235Z] Time:          Sun Aug 16 2020 11:16:13 GMT+0530 (India Standard Time)
[debug] [2020-08-16T05:46:13.235Z] ----------------------------------------------------------------------
[debug] [2020-08-16T05:46:13.235Z] 
[debug] [2020-08-16T05:46:13.245Z] > command requires scopes: ["email","openid","https://www.googleapis.com/auth/cloudplatformprojects.readonly","https://www.googleapis.com/auth/firebase","https://www.googleapis.com/auth/cloud-platform"]
[debug] [2020-08-16T05:46:13.246Z] > authorizing via signed-in user
[info] 
     ######## #### ########  ######## ########     ###     ######  ########
     ##        ##  ##     ## ##       ##     ##  ##   ##  ##       ##
     ######    ##  ########  ######   ########  #########  ######  ######
     ##        ##  ##    ##  ##       ##     ## ##     ##       ## ##
     ##       #### ##     ## ######## ########  ##     ##  ######  ########

You're about to initialize a Firebase project in this directory:

  /Users/vaddv/Documents/learnings/react-apps/twitter-clone

Before we get started, keep in mind:

  * You are initializing in an existing Firebase project directory

[info] 
=== Project Setup
[info] 
[info] First, let's associate this project directory with a Firebase project.
[info] You can create multiple project aliases by running firebase use --add, 
[info] but for now we'll just set up a default project.
[info] 
[info] i  .firebaserc already has a default project, using twitter-clone-ed9b6. 
[debug] [2020-08-16T05:46:28.508Z] > refreshing access token with scopes: ["email","https://www.googleapis.com/auth/cloud-platform","https://www.googleapis.com/auth/cloudplatformprojects.readonly","https://www.googleapis.com/auth/firebase","openid"]
[debug] [2020-08-16T05:46:28.509Z] >>> HTTP REQUEST POST https://www.googleapis.com/oauth2/v3/token  
 <request body omitted>
[debug] [2020-08-16T05:46:28.786Z] <<< HTTP RESPONSE 200 {"content-type":"application/json; charset=utf-8","vary":"X-Origin, Referer, Origin,Accept-Encoding","date":"Sun, 16 Aug 2020 05:46:28 GMT","server":"scaffolding on HTTPServer2","cache-control":"private","x-xss-protection":"0","x-frame-options":"SAMEORIGIN","x-content-type-options":"nosniff","alt-svc":"h3-29=\":443\"; ma=2592000,h3-27=\":443\"; ma=2592000,h3-T050=\":443\"; ma=2592000,h3-Q050=\":443\"; ma=2592000,h3-Q046=\":443\"; ma=2592000,h3-Q043=\":443\"; ma=2592000,quic=\":443\"; ma=2592000; v=\"46,43\"","accept-ranges":"none","transfer-encoding":"chunked"}
[debug] [2020-08-16T05:46:28.814Z] >>> HTTP REQUEST GET https://firebase.googleapis.com/v1beta1/projects/twitter-clone-ed9b6  
 
[debug] [2020-08-16T05:46:29.426Z] Server Error. self signed certificate in certificate chain
[debug] [2020-08-16T05:46:30.745Z] FirebaseError: Server Error. self signed certificate in certificate chain
    at Request._callback (/Users/vaddv/.nvm/versions/node/v14.8.0/lib/node_modules/firebase-tools/lib/api.js:32:31)
    at self.callback (/Users/vaddv/.nvm/versions/node/v14.8.0/lib/node_modules/firebase-tools/node_modules/request/request.js:185:22)
    at Request.emit (events.js:310:20)
    at Request.EventEmitter.emit (domain.js:482:12)
    at Request.onRequestError (/Users/vaddv/.nvm/versions/node/v14.8.0/lib/node_modules/firebase-tools/node_modules/request/request.js:877:8)
    at ClientRequest.emit (events.js:322:22)
    at ClientRequest.EventEmitter.emit (domain.js:482:12)
    at TLSSocket.socketErrorListener (_http_client.js:426:9)
    at TLSSocket.emit (events.js:310:20)
    at TLSSocket.EventEmitter.emit (domain.js:482:12)
    at emitErrorNT (internal/streams/destroy.js:92:8)
    at emitErrorAndCloseNT (internal/streams/destroy.js:60:3)
    at processTicksAndRejections (internal/process/task_queues.js:84:21)
[error] 
[error] Error: Failed to get Firebase project twitter-clone-ed9b6. Please make sure the project exists and your account has permission to access it.
